<?xml version="1.0" encoding="UTF-8"?>
<!-- Generated by org.testng.reporters.JUnitReportReporter -->
<testsuite skipped="0" hostname="5570-33XJRC2" name="com.actiance.tests.CupsTestBase" tests="3" failures="0" timestamp="31 Jan 2020 10:12:57 GMT" time="0.012" errors="0">
  <testcase name="executeTest" time="0.003" classname="com.actiance.tests.CupsTestBase"/>
  <testcase name="executeTest" time="0.002" classname="com.actiance.tests.CupsTestBase"/>
  <testcase name="executeTest" time="0.007" classname="com.actiance.tests.CupsTestBase"/>
</testsuite> <!-- com.actiance.tests.CupsTestBase -->
