<?xml version="1.0" encoding="UTF-8"?>
<!-- Generated by org.testng.reporters.JUnitReportReporter -->
<testsuite skipped="0" hostname="5570-33XJRC2" name="com.actiance.generics.TestData" tests="3" failures="0" timestamp="31 Jan 2020 06:30:03 GMT" time="18.265" errors="0">
  <testcase name="executeTest" time="2.604" classname="com.actiance.generics.TestData"/>
  <testcase name="executeTest" time="12.547" classname="com.actiance.generics.TestData"/>
  <testcase name="executeTest" time="3.114" classname="com.actiance.generics.TestData"/>
</testsuite> <!-- com.actiance.generics.TestData -->
